<?xml version="1.0" encoding="UTF-8"?>
<!-- Generated by org.testng.reporters.JUnitXMLReporter -->
<testsuite ignored="1" hostname="AMLQASRQA4204" failures="0" tests="1" name="Default test" time="7.507" errors="0" timestamp="2025-04-18T01:17:16 EET">
  <testcase classname="testcases.AuctionVerificationTest" name="testAuctionVerification" time="2.922"/>
  <testcase classname="testcases.CheckResponsiveness" name="runResponsivenessTests" time="0.0">
    <ignored/>
  </testcase> <!-- runResponsivenessTests -->
</testsuite> <!-- Default test -->
