<?xml version="1.0" encoding="UTF-8"?>
<testng-results ignored="0" total="1" passed="1" failed="0" skipped="0">
  <reporter-output>
  </reporter-output>
  <suite started-at="2025-04-17T01:13:30 EET" name="Default suite" finished-at="2025-04-17T01:13:38 EET" duration-ms="8007">
    <groups>
    </groups>
    <test started-at="2025-04-17T01:13:30 EET" name="Default test" finished-at="2025-04-17T01:13:38 EET" duration-ms="8007">
      <class name="testcases.SearchForAuction">
        <test-method is-config="true" signature="setUP()[pri:0, instance:testcases.SearchForAuction@a1cdc6d]" started-at="2025-04-17T01:13:30 EET" name="setUP" finished-at="2025-04-17T01:13:35 EET" duration-ms="5072" status="PASS">
          <reporter-output>
          </reporter-output>
        </test-method> <!-- setUP -->
        <test-method signature="testSearchForAuction()[pri:0, instance:testcases.SearchForAuction@a1cdc6d]" started-at="2025-04-17T01:13:35 EET" name="testSearchForAuction" finished-at="2025-04-17T01:13:38 EET" duration-ms="2793" status="PASS">
          <reporter-output>
          </reporter-output>
        </test-method> <!-- testSearchForAuction -->
        <test-method is-config="true" signature="tearDown()[pri:0, instance:testcases.SearchForAuction@a1cdc6d]" started-at="2025-04-17T01:13:38 EET" name="tearDown" finished-at="2025-04-17T01:13:38 EET" duration-ms="115" status="PASS">
          <reporter-output>
          </reporter-output>
        </test-method> <!-- tearDown -->
      </class> <!-- testcases.SearchForAuction -->
    </test> <!-- Default test -->
  </suite> <!-- Default suite -->
</testng-results>
