<?xml version="1.0" encoding="UTF-8"?>
<testng-results ignored="0" total="1" passed="1" failed="0" skipped="0">
  <reporter-output>
  </reporter-output>
  <suite started-at="2025-04-18T01:17:08 EET" name="Default suite" finished-at="2025-04-18T01:17:16 EET" duration-ms="7507">
    <groups>
    </groups>
    <test started-at="2025-04-18T01:17:08 EET" name="Default test" finished-at="2025-04-18T01:17:16 EET" duration-ms="7507">
      <class name="testcases.AuctionVerificationTest">
        <test-method is-config="true" signature="setUP()[pri:0, instance:testcases.AuctionVerificationTest@6a03bcb1]" started-at="2025-04-18T01:17:08 EET" name="setUP" finished-at="2025-04-18T01:17:13 EET" duration-ms="4431" status="PASS">
          <reporter-output>
          </reporter-output>
        </test-method> <!-- setUP -->
        <test-method signature="testAuctionVerification()[pri:0, instance:testcases.AuctionVerificationTest@6a03bcb1]" started-at="2025-04-18T01:17:13 EET" name="testAuctionVerification" finished-at="2025-04-18T01:17:16 EET" duration-ms="2922" status="PASS">
          <reporter-output>
          </reporter-output>
        </test-method> <!-- testAuctionVerification -->
        <test-method is-config="true" signature="tearDown()[pri:0, instance:testcases.AuctionVerificationTest@6a03bcb1]" started-at="2025-04-18T01:17:16 EET" name="tearDown" finished-at="2025-04-18T01:17:16 EET" duration-ms="123" status="PASS">
          <reporter-output>
          </reporter-output>
        </test-method> <!-- tearDown -->
      </class> <!-- testcases.AuctionVerificationTest -->
    </test> <!-- Default test -->
  </suite> <!-- Default suite -->
</testng-results>
